{
  "stats": {
    "suites": 1,
    "tests": 1,
    "passes": 1,
    "pending": 0,
    "failures": 0,
    "start": "2024-11-10T04:33:23.464Z",
    "end": "2024-11-10T04:33:39.933Z",
    "duration": 16469,
    "testsRegistered": 1,
    "passPercent": 100,
    "pendingPercent": 0,
    "other": 0,
    "hasOther": false,
    "skipped": 0,
    "hasSkipped": false
  },
  "results": [
    {
      "uuid": "e8f89510-bd69-4920-bfee-fc4bf71f0088",
      "title": "",
      "fullFile": "cypress/e2e/spec.cy.js",
      "file": "cypress/e2e/spec.cy.js",
      "beforeHooks": [],
      "afterHooks": [],
      "tests": [],
      "suites": [
        {
          "uuid": "ecb7f6a0-c0d0-4a6e-9af4-9e1b7ec16b35",
          "title": "Restful Booker",
          "fullFile": "",
          "file": "",
          "beforeHooks": [],
          "afterHooks": [],
          "tests": [
            {
              "title": "Send Message Admin",
              "fullTitle": "Restful Booker Send Message Admin",
              "timedOut": null,
              "duration": 10286,
              "state": "passed",
              "speed": "slow",
              "pass": true,
              "fail": false,
              "pending": false,
              "context": null,
              "code": "const fname = _faker.faker.internet.username();\nconst faddress = _faker.faker.internet.email();\nconst fcontact = _faker.faker.phone.number('###-###-###-###');\nconst fsubject = _faker.faker.lorem.sentence();\nconst fmessage = _faker.faker.lorem.sentence();\n_ContactPage.default.visit();\n_ContactPage.default.VerifyLogging();\n_ContactPage.default.fillContactForm(fname, faddress, fcontact, fsubject, fmessage);\ncy.wait(2000);\n_ContactPage.default.submitForm();\ncy.wait(3000);\n_ContactPage.default.verifyThankYouMessage();",
              "err": {},
              "uuid": "10d7e56e-f204-4904-8a6e-dba13da8fc56",
              "parentUUID": "ecb7f6a0-c0d0-4a6e-9af4-9e1b7ec16b35",
              "isHook": false,
              "skipped": false
            }
          ],
          "suites": [],
          "passes": [
            "10d7e56e-f204-4904-8a6e-dba13da8fc56"
          ],
          "failures": [],
          "pending": [],
          "skipped": [],
          "duration": 10286,
          "root": false,
          "rootEmpty": false,
          "_timeout": 2000
        }
      ],
      "passes": [],
      "failures": [],
      "pending": [],
      "skipped": [],
      "duration": 0,
      "root": true,
      "rootEmpty": true,
      "_timeout": 2000
    }
  ],
  "meta": {
    "mocha": {
      "version": "7.0.1"
    },
    "mochawesome": {
      "options": {
        "quiet": false,
        "reportFilename": "mochawesome",
        "saveHtml": true,
        "saveJson": true,
        "consoleReporter": "spec",
        "useInlineDiffs": false,
        "code": true
      },
      "version": "7.1.3"
    },
    "marge": {
      "options": {
        "reportDir": "cypress/reports",
        "overwrite": true,
        "html": true,
        "json": true
      },
      "version": "6.2.0"
    }
  }
}